<?xml version="1.0" encoding="UTF-8"?>
<!-- Generated by org.testng.reporters.JUnitReportReporter -->
<testsuite hostname="DESKTOP-HCKD6N7" failures="0" tests="2" name="com.shopper.wishList.ShopperWishList" time="2.710" errors="0" timestamp="2024-11-09T13:56:35 IST" skipped="1">
  <testcase classname="com.shopper.wishList.ShopperWishList" name="test" time="2.710"/>
  <system-out/>
  <testcase classname="com.shopper.wishList.ShopperWishList" name="getShooper">
    <skipped/>
  </testcase> <!-- getShooper -->
  <system-out/>
</testsuite> <!-- com.shopper.wishList.ShopperWishList -->
