<?xml version="1.0" encoding="UTF-8"?>
<!-- Generated by org.testng.reporters.JUnitReportReporter -->
<testsuite hostname="Niranjan" failures="0" tests="2" name="genric.CheckAnnotation1" time="0.009" errors="0" timestamp="2024-12-07T11:11:16 IST" skipped="0">
  <testcase classname="genric.CheckAnnotation1" name="test1" time="0.003"/>
  <system-out/>
  <testcase classname="genric.CheckAnnotation1" name="test" time="0.006"/>
  <system-out/>
</testsuite> <!-- genric.CheckAnnotation1 -->
