<?xml version="1.0" encoding="UTF-8"?>
<!-- Generated by org.testng.reporters.JUnitReportReporter -->
<testsuite hostname="Niranjan" failures="0" tests="3" name="data_provider.DataProvide_for_fb" time="44.970" errors="0" timestamp="2025-01-04T18:12:56 IST" skipped="0">
  <testcase classname="data_provider.DataProvide_for_fb" name="test_fb" time="10.726"/>
  <system-out/>
  <testcase classname="data_provider.DataProvide_for_fb" name="test_fb" time="11.675"/>
  <system-out/>
  <testcase classname="data_provider.DataProvide_for_fb" name="test_fb" time="22.569"/>
  <system-out/>
</testsuite> <!-- data_provider.DataProvide_for_fb -->
