<?xml version="1.0" encoding="UTF-8"?>
<!-- Generated by org.testng.reporters.JUnitReportReporter -->
<testsuite hostname="Niranjan" failures="0" tests="3" name="group.Group_Class" time="0.009" errors="0" timestamp="2024-12-07T12:41:41 IST" skipped="0">
  <testcase classname="group.Group_Class" name="test1" time="0.006"/>
  <system-out/>
  <testcase classname="group.Group_Class" name="test2" time="0.002"/>
  <system-out/>
  <testcase classname="group.Group_Class" name="test3" time="0.001"/>
  <system-out/>
</testsuite> <!-- group.Group_Class -->
