<?xml version="1.0" encoding="UTF-8"?>
<!-- Generated by org.testng.reporters.JUnitReportReporter -->
<testsuite hostname="Niranjan" failures="0" tests="2" name="sample.Demo2" time="0.002" errors="0" timestamp="2024-11-16T12:19:54 IST" skipped="0">
  <testcase classname="sample.Demo2" name="test" time="0.001"/>
  <system-out>
    <![CDATA[byee]]>
  </system-out>
  <testcase classname="sample.Demo2" name="test1" time="0.001"/>
  <system-out>
    <![CDATA[taaataa]]>
  </system-out>
</testsuite> <!-- sample.Demo2 -->
