<?xml version="1.0" encoding="UTF-8"?>
<!-- Generated by org.testng.reporters.JUnitReportReporter -->
<testsuite hostname="Niranjan" failures="0" tests="2" name="sample.Demo" time="21.341" errors="0" timestamp="2024-12-08T12:06:15 IST" skipped="0">
  <testcase classname="sample.Demo" name="test" time="7.884"/>
  <system-out/>
  <testcase classname="sample.Demo" name="test" time="13.457"/>
  <system-out/>
</testsuite> <!-- sample.Demo -->
