<?xml version="1.0" encoding="UTF-8"?>
<!-- Generated by org.testng.reporters.JUnitReportReporter -->
<testsuite hostname="Niranjan" failures="0" tests="1" name="sample.Properties_class" time="0.010" errors="0" timestamp="2024-12-07T12:08:16 IST" skipped="0">
  <testcase classname="sample.Properties_class" name="test" time="0.010"/>
  <system-out/>
</testsuite> <!-- sample.Properties_class -->
