<?xml version="1.0" encoding="UTF-8"?>
<!-- Generated by org.testng.reporters.JUnitReportReporter -->
<testsuite hostname="Niranjan" failures="0" tests="1" name="group.Group_Class2" time="0.002" errors="0" timestamp="2025-01-04T18:17:42 IST" skipped="0">
  <testcase classname="group.Group_Class2" name="test5" time="0.002"/>
  <system-out/>
</testsuite> <!-- group.Group_Class2 -->
