<?xml version="1.0" encoding="UTF-8"?>
<!-- Generated by org.testng.reporters.JUnitReportReporter -->
<testsuite hostname="Niranjan" failures="0" tests="2" name="genric.CheckAnnotation2" time="0.009" errors="0" timestamp="2024-12-07T11:11:16 IST" skipped="0">
  <testcase classname="genric.CheckAnnotation2" name="test" time="0.004"/>
  <system-out/>
  <testcase classname="genric.CheckAnnotation2" name="test1" time="0.005"/>
  <system-out/>
</testsuite> <!-- genric.CheckAnnotation2 -->
