<?xml version="1.0" encoding="UTF-8"?>
<!-- Generated by org.testng.reporters.JUnitReportReporter -->
<testsuite hostname="Niranjan" failures="0" tests="3" name="data_provider.DataProvide_for_fb" time="29.996" errors="0" timestamp="2024-12-07T11:11:16 IST" skipped="0">
  <testcase classname="data_provider.DataProvide_for_fb" name="test_fb" time="4.641"/>
  <system-out/>
  <testcase classname="data_provider.DataProvide_for_fb" name="test_fb" time="8.080"/>
  <system-out/>
  <testcase classname="data_provider.DataProvide_for_fb" name="test_fb" time="17.275"/>
  <system-out/>
</testsuite> <!-- data_provider.DataProvide_for_fb -->
