<?xml version="1.0" encoding="UTF-8"?>
<!-- Generated by org.testng.reporters.JUnitReportReporter -->
<testsuite hostname="Niranjan" failures="0" tests="1" name="util.RunnerClass" time="2.428" errors="0" timestamp="2024-12-22T10:30:07 IST" skipped="0">
  <testcase classname="util.RunnerClass" name="test" time="2.428"/>
  <system-out/>
</testsuite> <!-- util.RunnerClass -->
