<?xml version="1.0" encoding="UTF-8"?>
<!-- Generated by org.testng.reporters.JUnitReportReporter -->
<testsuite hostname="Niranjan" failures="0" tests="2" name="sample1.Demo" time="0.002" errors="0" timestamp="2024-11-16T12:19:54 IST" skipped="0">
  <testcase classname="sample1.Demo" name="test1" time="0.001"/>
  <system-out>
    <![CDATA[heloo]]>
  </system-out>
  <testcase classname="sample1.Demo" name="test" time="0.001"/>
  <system-out>
    <![CDATA[hiii]]>
  </system-out>
</testsuite> <!-- sample1.Demo -->
